{"name": "OrangeHRM Login with Multiple parameters -- @1.4 ", "status": "failed", "statusDetails": {"message": "AssertionError: Test Failed\n", "trace": "  File \"C:\\Users\\HELLO\\AppData\\Local\\Programs\\Python\\Python311\\Lib\\site-packages\\behave\\model.py\", line 1329, in run\n    match.run(runner.context)\n  File \"C:\\Users\\HELLO\\AppData\\Local\\Programs\\Python\\Python311\\Lib\\site-packages\\behave\\matchers.py\", line 98, in run\n    self.func(context, *args, **kwargs)\n  File \"features\\steps\\orangehrmlogin_steps.py\", line 18, in homepage\n    assert False,\"Test Failed\"\n"}, "steps": [{"name": "When enter username \"admin\" and password \"adminxyz\"", "status": "passed", "start": 1740455026470, "stop": 1740455036743}, {"name": "Then user must be successfully login into the system", "status": "passed", "start": 1740455036745, "stop": 1740455043069}, {"name": "And close browser", "status": "failed", "statusDetails": {"message": "AssertionError: Test Failed\n", "trace": "  File \"C:\\Users\\HELLO\\AppData\\Local\\Programs\\Python\\Python311\\Lib\\site-packages\\behave\\model.py\", line 1329, in run\n    match.run(runner.context)\n  File \"C:\\Users\\HELLO\\AppData\\Local\\Programs\\Python\\Python311\\Lib\\site-packages\\behave\\matchers.py\", line 98, in run\n    self.func(context, *args, **kwargs)\n  File \"features\\steps\\orangehrmlogin_steps.py\", line 18, in homepage\n    assert False,\"Test Failed\"\n"}, "start": 1740455043069, "stop": 1740455043185}], "parameters": [{"name": "username", "value": "admin"}, {"name": "password", "value": "adminxyz"}], "start": 1740455008352, "stop": 1740455045361, "uuid": "9357d694-23b0-41ad-a01c-5d36692c699a", "historyId": "1dda80b38bf652f38c199f2b7f8f6d85", "fullName": "OramgeHRM Login: OrangeHRM Login with Multiple parameters", "labels": [{"name": "severity", "value": "normal"}, {"name": "feature", "value": "OramgeHRM Login"}, {"name": "framework", "value": "behave"}, {"name": "language", "value": "cpython3"}]}